0 info it worked if it ends with ok
1 verbose cli [ '/usr/bin/node', '/usr/bin/npm', 'install', '--save', 'URL' ]
2 info using npm@3.5.2
3 info using node@v8.10.0
4 silly loadCurrentTree Starting
5 silly install loadCurrentTree
6 silly install readLocalPackageData
7 silly fetchPackageMetaData URL
8 silly fetchNamedPackageData URL
9 silly mapToRegistry name URL
10 silly mapToRegistry using default registry
11 silly mapToRegistry registry https://registry.npmjs.org/
12 silly mapToRegistry uri https://registry.npmjs.org/URL
13 verbose request uri https://registry.npmjs.org/URL
14 verbose request no auth needed
15 info attempt registry request try #1 at 1:38:20 PM
16 verbose request id dae3fd815f58d15d
17 http request GET https://registry.npmjs.org/URL
18 http 404 https://registry.npmjs.org/URL
19 verbose headers { date: 'Thu, 22 Aug 2019 10:38:21 GMT',
19 verbose headers   'content-type': 'application/json',
19 verbose headers   'content-length': '21',
19 verbose headers   connection: 'keep-alive',
19 verbose headers   'set-cookie':
19 verbose headers    [ '__cfduid=dd55876f953ac8d7c0d4efa5afa5d7a5a1566470301; expires=Fri, 21-Aug-20 10:38:21 GMT; path=/; domain=.npmjs.org; HttpOnly' ],
19 verbose headers   'cf-cache-status': 'MISS',
19 verbose headers   'cache-control': 'max-age=300',
19 verbose headers   'cf-ray': '50a437757f7dad61-TLV',
19 verbose headers   'expect-ct': 'max-age=604800, report-uri="https://report-uri.cloudflare.com/cdn-cgi/beacon/expect-ct"',
19 verbose headers   vary: 'accept-encoding, accept',
19 verbose headers   server: 'cloudflare' }
20 silly get cb [ 404,
20 silly get   { date: 'Thu, 22 Aug 2019 10:38:21 GMT',
20 silly get     'content-type': 'application/json',
20 silly get     'content-length': '21',
20 silly get     connection: 'keep-alive',
20 silly get     'set-cookie':
20 silly get      [ '__cfduid=dd55876f953ac8d7c0d4efa5afa5d7a5a1566470301; expires=Fri, 21-Aug-20 10:38:21 GMT; path=/; domain=.npmjs.org; HttpOnly' ],
20 silly get     'cf-cache-status': 'MISS',
20 silly get     'cache-control': 'max-age=300',
20 silly get     'cf-ray': '50a437757f7dad61-TLV',
20 silly get     'expect-ct': 'max-age=604800, report-uri="https://report-uri.cloudflare.com/cdn-cgi/beacon/expect-ct"',
20 silly get     vary: 'accept-encoding, accept',
20 silly get     server: 'cloudflare' } ]
21 silly fetchPackageMetaData Error: Not found : URL
21 silly fetchPackageMetaData     at makeError (/usr/share/npm/node_modules/npm-registry-client/lib/request.js:264:12)
21 silly fetchPackageMetaData     at CachingRegistryClient.<anonymous> (/usr/share/npm/node_modules/npm-registry-client/lib/request.js:252:14)
21 silly fetchPackageMetaData     at Request._callback (/usr/share/npm/node_modules/npm-registry-client/lib/request.js:172:14)
21 silly fetchPackageMetaData     at Request.self.callback (/usr/share/npm/node_modules/request/request.js:198:22)
21 silly fetchPackageMetaData     at emitTwo (events.js:126:13)
21 silly fetchPackageMetaData     at Request.emit (events.js:214:7)
21 silly fetchPackageMetaData     at Request.<anonymous> (/usr/share/npm/node_modules/request/request.js:1082:10)
21 silly fetchPackageMetaData     at emitOne (events.js:121:20)
21 silly fetchPackageMetaData     at Request.emit (events.js:211:7)
21 silly fetchPackageMetaData     at IncomingMessage.<anonymous> (/usr/share/npm/node_modules/request/request.js:1009:12)
21 silly fetchPackageMetaData  error for URL { Error: Not found : URL
21 silly fetchPackageMetaData     at makeError (/usr/share/npm/node_modules/npm-registry-client/lib/request.js:264:12)
21 silly fetchPackageMetaData     at CachingRegistryClient.<anonymous> (/usr/share/npm/node_modules/npm-registry-client/lib/request.js:252:14)
21 silly fetchPackageMetaData     at Request._callback (/usr/share/npm/node_modules/npm-registry-client/lib/request.js:172:14)
21 silly fetchPackageMetaData     at Request.self.callback (/usr/share/npm/node_modules/request/request.js:198:22)
21 silly fetchPackageMetaData     at emitTwo (events.js:126:13)
21 silly fetchPackageMetaData     at Request.emit (events.js:214:7)
21 silly fetchPackageMetaData     at Request.<anonymous> (/usr/share/npm/node_modules/request/request.js:1082:10)
21 silly fetchPackageMetaData     at emitOne (events.js:121:20)
21 silly fetchPackageMetaData     at Request.emit (events.js:211:7)
21 silly fetchPackageMetaData     at IncomingMessage.<anonymous> (/usr/share/npm/node_modules/request/request.js:1009:12) pkgid: 'URL', statusCode: 404, code: 'E404' }
22 silly rollbackFailedOptional Starting
23 silly rollbackFailedOptional Finishing
24 silly runTopLevelLifecycles Starting
25 silly runTopLevelLifecycles Finishing
26 silly install printInstalled
27 verbose stack Error: Not found : URL
27 verbose stack     at makeError (/usr/share/npm/node_modules/npm-registry-client/lib/request.js:264:12)
27 verbose stack     at CachingRegistryClient.<anonymous> (/usr/share/npm/node_modules/npm-registry-client/lib/request.js:252:14)
27 verbose stack     at Request._callback (/usr/share/npm/node_modules/npm-registry-client/lib/request.js:172:14)
27 verbose stack     at Request.self.callback (/usr/share/npm/node_modules/request/request.js:198:22)
27 verbose stack     at emitTwo (events.js:126:13)
27 verbose stack     at Request.emit (events.js:214:7)
27 verbose stack     at Request.<anonymous> (/usr/share/npm/node_modules/request/request.js:1082:10)
27 verbose stack     at emitOne (events.js:121:20)
27 verbose stack     at Request.emit (events.js:211:7)
27 verbose stack     at IncomingMessage.<anonymous> (/usr/share/npm/node_modules/request/request.js:1009:12)
28 verbose statusCode 404
29 verbose pkgid URL
30 verbose cwd /home/shlomi/Desktop/Workspace/IOT-Project
31 error Linux 5.0.0-25-generic
32 error argv "/usr/bin/node" "/usr/bin/npm" "install" "--save" "URL"
33 error node v8.10.0
34 error npm  v3.5.2
35 error code E404
36 error 404 Not found : URL
37 error 404
38 error 404 'URL' is not in the npm registry.
39 error 404 Your package name is not valid, because
40 error 404 1. url is a core module name
41 error 404 2. name can no longer contain capital letters
42 error 404 Note that you can also install from a
43 error 404 tarball, folder, http url, or git url.
44 verbose exit [ 1, true ]
